13-Nov-2024 12:57:45.098 INFO [main] org.apache.catalina.startup.VersionLoggerListener.log Server version name:   Apache Tomcat/9.0.96
13-Nov-2024 12:57:45.102 INFO [main] org.apache.catalina.startup.VersionLoggerListener.log Server built:          Oct 3 2024 19:44:30 UTC
13-Nov-2024 12:57:45.103 INFO [main] org.apache.catalina.startup.VersionLoggerListener.log Server version number: 9.0.96.0
13-Nov-2024 12:57:45.103 INFO [main] org.apache.catalina.startup.VersionLoggerListener.log OS Name:               Windows 11
13-Nov-2024 12:57:45.103 INFO [main] org.apache.catalina.startup.VersionLoggerListener.log OS Version:            10.0
13-Nov-2024 12:57:45.103 INFO [main] org.apache.catalina.startup.VersionLoggerListener.log Architecture:          amd64
13-Nov-2024 12:57:45.103 INFO [main] org.apache.catalina.startup.VersionLoggerListener.log Java Home:             C:\Program Files\Amazon Corretto\jdk17.0.5_8
13-Nov-2024 12:57:45.106 INFO [main] org.apache.catalina.startup.VersionLoggerListener.log JVM Version:           17.0.5+8-LTS
13-Nov-2024 12:57:45.106 INFO [main] org.apache.catalina.startup.VersionLoggerListener.log JVM Vendor:            Amazon.com Inc.
13-Nov-2024 12:57:45.106 INFO [main] org.apache.catalina.startup.VersionLoggerListener.log CATALINA_BASE:         C:\Desktop\yt\servlet_and_jsp\JSP\FirstPage-00
13-Nov-2024 12:57:45.106 INFO [main] org.apache.catalina.startup.VersionLoggerListener.log CATALINA_HOME:         C:\Users\Omkumar Tyagi\Downloads\apache-tomcat-9.0.96-windows-x64\apache-tomcat-9.0.96
13-Nov-2024 12:57:45.119 INFO [main] org.apache.catalina.startup.VersionLoggerListener.log Command line argument: --add-opens=java.base/java.lang=ALL-UNNAMED
13-Nov-2024 12:57:45.119 INFO [main] org.apache.catalina.startup.VersionLoggerListener.log Command line argument: --add-opens=java.base/java.io=ALL-UNNAMED
13-Nov-2024 12:57:45.119 INFO [main] org.apache.catalina.startup.VersionLoggerListener.log Command line argument: --add-opens=java.base/java.util=ALL-UNNAMED
13-Nov-2024 12:57:45.119 INFO [main] org.apache.catalina.startup.VersionLoggerListener.log Command line argument: --add-opens=java.base/java.util.concurrent=ALL-UNNAMED
13-Nov-2024 12:57:45.119 INFO [main] org.apache.catalina.startup.VersionLoggerListener.log Command line argument: --add-opens=java.rmi/sun.rmi.transport=ALL-UNNAMED
13-Nov-2024 12:57:45.119 INFO [main] org.apache.catalina.startup.VersionLoggerListener.log Command line argument: -Dcatalina.home=C:\Users\Omkumar Tyagi\Downloads\apache-tomcat-9.0.96-windows-x64\apache-tomcat-9.0.96
13-Nov-2024 12:57:45.119 INFO [main] org.apache.catalina.startup.VersionLoggerListener.log Command line argument: -Dcatalina.base=C:\Desktop\yt\servlet_and_jsp\JSP\FirstPage-00
13-Nov-2024 12:57:45.119 INFO [main] org.apache.catalina.startup.VersionLoggerListener.log Command line argument: -Djava.io.tmpdir=C:\Desktop\yt\servlet_and_jsp\JSP\FirstPage-00\temp
13-Nov-2024 12:57:45.119 INFO [main] org.apache.catalina.startup.VersionLoggerListener.log Command line argument: -Djava.util.logging.config.file=C:\Desktop\yt\servlet_and_jsp\JSP\FirstPage-00\conf\logging.properties
13-Nov-2024 12:57:45.119 INFO [main] org.apache.catalina.startup.VersionLoggerListener.log Command line argument: -Djava.util.logging.manager=org.apache.juli.ClassLoaderLogManager
13-Nov-2024 12:57:45.120 INFO [main] org.apache.catalina.startup.VersionLoggerListener.log Command line argument: -javaagent:C:\Program Files\JetBrains\IntelliJ IDEA Community Edition 2022.2.3\lib\idea_rt.jar=59273:C:\Program Files\JetBrains\IntelliJ IDEA Community Edition 2022.2.3\bin
13-Nov-2024 12:57:45.120 INFO [main] org.apache.catalina.startup.VersionLoggerListener.log Command line argument: -Dfile.encoding=UTF-8
13-Nov-2024 12:57:45.131 INFO [main] org.apache.catalina.core.AprLifecycleListener.lifecycleEvent Loaded Apache Tomcat Native library [1.3.1] using APR version [1.7.4].
13-Nov-2024 12:57:45.131 INFO [main] org.apache.catalina.core.AprLifecycleListener.lifecycleEvent APR capabilities: IPv6 [true], sendfile [true], accept filters [false], random [true], UDS [true].
13-Nov-2024 12:57:45.131 INFO [main] org.apache.catalina.core.AprLifecycleListener.lifecycleEvent APR/OpenSSL configuration: useAprConnector [false], useOpenSSL [true]
13-Nov-2024 12:57:45.162 INFO [main] org.apache.catalina.core.AprLifecycleListener.initializeSSL OpenSSL successfully initialized [OpenSSL 3.0.14 4 Jun 2024]
13-Nov-2024 12:57:45.862 INFO [main] org.apache.coyote.AbstractProtocol.init Initializing ProtocolHandler ["http-nio-8080"]
13-Nov-2024 12:57:45.906 INFO [main] org.apache.catalina.startup.Catalina.load Server initialization in [1134] milliseconds
13-Nov-2024 12:57:45.954 INFO [main] org.apache.catalina.core.StandardService.startInternal Starting service [Catalina]
13-Nov-2024 12:57:45.955 INFO [main] org.apache.catalina.core.StandardEngine.startInternal Starting Servlet engine: [Apache Tomcat/9.0.96]
13-Nov-2024 12:57:45.967 INFO [main] org.apache.catalina.startup.HostConfig.deployDescriptor Deploying deployment descriptor [C:\Desktop\yt\servlet_and_jsp\JSP\FirstPage-00\conf\Catalina\localhost\FirstPage-00.xml]
13-Nov-2024 12:57:46.757 INFO [main] org.apache.catalina.startup.HostConfig.deployDescriptor Deployment of deployment descriptor [C:\Desktop\yt\servlet_and_jsp\JSP\FirstPage-00\conf\Catalina\localhost\FirstPage-00.xml] has finished in [789] ms
13-Nov-2024 12:57:46.760 INFO [main] org.apache.coyote.AbstractProtocol.start Starting ProtocolHandler ["http-nio-8080"]
13-Nov-2024 12:57:46.792 INFO [main] org.apache.catalina.startup.Catalina.start Server startup in [884] milliseconds
13-Nov-2024 13:00:00.498 INFO [Thread-1] org.apache.coyote.AbstractProtocol.pause Pausing ProtocolHandler ["http-nio-8080"]
13-Nov-2024 13:00:00.610 INFO [Thread-1] org.apache.catalina.core.StandardService.stopInternal Stopping service [Catalina]
13-Nov-2024 13:00:00.635 INFO [Thread-1] org.apache.coyote.AbstractProtocol.stop Stopping ProtocolHandler ["http-nio-8080"]
13-Nov-2024 13:00:00.652 INFO [Thread-1] org.apache.coyote.AbstractProtocol.destroy Destroying ProtocolHandler ["http-nio-8080"]
13-Nov-2024 13:00:04.894 INFO [main] org.apache.catalina.startup.VersionLoggerListener.log Server version name:   Apache Tomcat/9.0.96
13-Nov-2024 13:00:04.898 INFO [main] org.apache.catalina.startup.VersionLoggerListener.log Server built:          Oct 3 2024 19:44:30 UTC
13-Nov-2024 13:00:04.898 INFO [main] org.apache.catalina.startup.VersionLoggerListener.log Server version number: 9.0.96.0
13-Nov-2024 13:00:04.898 INFO [main] org.apache.catalina.startup.VersionLoggerListener.log OS Name:               Windows 11
13-Nov-2024 13:00:04.898 INFO [main] org.apache.catalina.startup.VersionLoggerListener.log OS Version:            10.0
13-Nov-2024 13:00:04.898 INFO [main] org.apache.catalina.startup.VersionLoggerListener.log Architecture:          amd64
13-Nov-2024 13:00:04.899 INFO [main] org.apache.catalina.startup.VersionLoggerListener.log Java Home:             C:\Program Files\Amazon Corretto\jdk17.0.5_8
13-Nov-2024 13:00:04.899 INFO [main] org.apache.catalina.startup.VersionLoggerListener.log JVM Version:           17.0.5+8-LTS
13-Nov-2024 13:00:04.900 INFO [main] org.apache.catalina.startup.VersionLoggerListener.log JVM Vendor:            Amazon.com Inc.
13-Nov-2024 13:00:04.900 INFO [main] org.apache.catalina.startup.VersionLoggerListener.log CATALINA_BASE:         C:\Desktop\yt\servlet_and_jsp\JSP\FirstPage-00
13-Nov-2024 13:00:04.901 INFO [main] org.apache.catalina.startup.VersionLoggerListener.log CATALINA_HOME:         C:\Users\Omkumar Tyagi\Downloads\apache-tomcat-9.0.96-windows-x64\apache-tomcat-9.0.96
13-Nov-2024 13:00:04.914 INFO [main] org.apache.catalina.startup.VersionLoggerListener.log Command line argument: --add-opens=java.base/java.lang=ALL-UNNAMED
13-Nov-2024 13:00:04.914 INFO [main] org.apache.catalina.startup.VersionLoggerListener.log Command line argument: --add-opens=java.base/java.io=ALL-UNNAMED
13-Nov-2024 13:00:04.914 INFO [main] org.apache.catalina.startup.VersionLoggerListener.log Command line argument: --add-opens=java.base/java.util=ALL-UNNAMED
13-Nov-2024 13:00:04.914 INFO [main] org.apache.catalina.startup.VersionLoggerListener.log Command line argument: --add-opens=java.base/java.util.concurrent=ALL-UNNAMED
13-Nov-2024 13:00:04.914 INFO [main] org.apache.catalina.startup.VersionLoggerListener.log Command line argument: --add-opens=java.rmi/sun.rmi.transport=ALL-UNNAMED
13-Nov-2024 13:00:04.915 INFO [main] org.apache.catalina.startup.VersionLoggerListener.log Command line argument: -Dcatalina.home=C:\Users\Omkumar Tyagi\Downloads\apache-tomcat-9.0.96-windows-x64\apache-tomcat-9.0.96
13-Nov-2024 13:00:04.915 INFO [main] org.apache.catalina.startup.VersionLoggerListener.log Command line argument: -Dcatalina.base=C:\Desktop\yt\servlet_and_jsp\JSP\FirstPage-00
13-Nov-2024 13:00:04.915 INFO [main] org.apache.catalina.startup.VersionLoggerListener.log Command line argument: -Djava.io.tmpdir=C:\Desktop\yt\servlet_and_jsp\JSP\FirstPage-00\temp
13-Nov-2024 13:00:04.915 INFO [main] org.apache.catalina.startup.VersionLoggerListener.log Command line argument: -Djava.util.logging.config.file=C:\Desktop\yt\servlet_and_jsp\JSP\FirstPage-00\conf\logging.properties
13-Nov-2024 13:00:04.915 INFO [main] org.apache.catalina.startup.VersionLoggerListener.log Command line argument: -Djava.util.logging.manager=org.apache.juli.ClassLoaderLogManager
13-Nov-2024 13:00:04.915 INFO [main] org.apache.catalina.startup.VersionLoggerListener.log Command line argument: -javaagent:C:\Program Files\JetBrains\IntelliJ IDEA Community Edition 2022.2.3\lib\idea_rt.jar=61295:C:\Program Files\JetBrains\IntelliJ IDEA Community Edition 2022.2.3\bin
13-Nov-2024 13:00:04.915 INFO [main] org.apache.catalina.startup.VersionLoggerListener.log Command line argument: -Dfile.encoding=UTF-8
13-Nov-2024 13:00:04.923 INFO [main] org.apache.catalina.core.AprLifecycleListener.lifecycleEvent Loaded Apache Tomcat Native library [1.3.1] using APR version [1.7.4].
13-Nov-2024 13:00:04.923 INFO [main] org.apache.catalina.core.AprLifecycleListener.lifecycleEvent APR capabilities: IPv6 [true], sendfile [true], accept filters [false], random [true], UDS [true].
13-Nov-2024 13:00:04.923 INFO [main] org.apache.catalina.core.AprLifecycleListener.lifecycleEvent APR/OpenSSL configuration: useAprConnector [false], useOpenSSL [true]
13-Nov-2024 13:00:04.932 INFO [main] org.apache.catalina.core.AprLifecycleListener.initializeSSL OpenSSL successfully initialized [OpenSSL 3.0.14 4 Jun 2024]
13-Nov-2024 13:00:05.434 INFO [main] org.apache.coyote.AbstractProtocol.init Initializing ProtocolHandler ["http-nio-8080"]
13-Nov-2024 13:00:05.464 INFO [main] org.apache.catalina.startup.Catalina.load Server initialization in [880] milliseconds
13-Nov-2024 13:00:05.527 INFO [main] org.apache.catalina.core.StandardService.startInternal Starting service [Catalina]
13-Nov-2024 13:00:05.528 INFO [main] org.apache.catalina.core.StandardEngine.startInternal Starting Servlet engine: [Apache Tomcat/9.0.96]
13-Nov-2024 13:00:05.538 INFO [main] org.apache.catalina.startup.HostConfig.deployDescriptor Deploying deployment descriptor [C:\Desktop\yt\servlet_and_jsp\JSP\FirstPage-00\conf\Catalina\localhost\FirstPage-00.xml]
13-Nov-2024 13:00:06.251 INFO [main] org.apache.catalina.startup.HostConfig.deployDescriptor Deployment of deployment descriptor [C:\Desktop\yt\servlet_and_jsp\JSP\FirstPage-00\conf\Catalina\localhost\FirstPage-00.xml] has finished in [712] ms
13-Nov-2024 13:00:06.256 INFO [main] org.apache.coyote.AbstractProtocol.start Starting ProtocolHandler ["http-nio-8080"]
13-Nov-2024 13:00:06.308 INFO [main] org.apache.catalina.startup.Catalina.start Server startup in [843] milliseconds
13-Nov-2024 13:17:21.895 INFO [Thread-1] org.apache.coyote.AbstractProtocol.pause Pausing ProtocolHandler ["http-nio-8080"]
13-Nov-2024 13:17:22.005 INFO [Thread-1] org.apache.catalina.core.StandardService.stopInternal Stopping service [Catalina]
13-Nov-2024 13:17:22.030 INFO [Thread-1] org.apache.coyote.AbstractProtocol.stop Stopping ProtocolHandler ["http-nio-8080"]
13-Nov-2024 13:17:22.047 INFO [Thread-1] org.apache.coyote.AbstractProtocol.destroy Destroying ProtocolHandler ["http-nio-8080"]
13-Nov-2024 13:46:36.923 INFO [main] org.apache.catalina.startup.VersionLoggerListener.log Server version name:   Apache Tomcat/9.0.96
13-Nov-2024 13:46:36.927 INFO [main] org.apache.catalina.startup.VersionLoggerListener.log Server built:          Oct 3 2024 19:44:30 UTC
13-Nov-2024 13:46:36.927 INFO [main] org.apache.catalina.startup.VersionLoggerListener.log Server version number: 9.0.96.0
13-Nov-2024 13:46:36.927 INFO [main] org.apache.catalina.startup.VersionLoggerListener.log OS Name:               Windows 11
13-Nov-2024 13:46:36.930 INFO [main] org.apache.catalina.startup.VersionLoggerListener.log OS Version:            10.0
13-Nov-2024 13:46:36.930 INFO [main] org.apache.catalina.startup.VersionLoggerListener.log Architecture:          amd64
13-Nov-2024 13:46:36.930 INFO [main] org.apache.catalina.startup.VersionLoggerListener.log Java Home:             C:\Program Files\Amazon Corretto\jdk17.0.5_8
13-Nov-2024 13:46:36.931 INFO [main] org.apache.catalina.startup.VersionLoggerListener.log JVM Version:           17.0.5+8-LTS
13-Nov-2024 13:46:36.931 INFO [main] org.apache.catalina.startup.VersionLoggerListener.log JVM Vendor:            Amazon.com Inc.
13-Nov-2024 13:46:36.931 INFO [main] org.apache.catalina.startup.VersionLoggerListener.log CATALINA_BASE:         C:\Desktop\yt\servlet_and_jsp\JSP\FirstPage-00
13-Nov-2024 13:46:36.931 INFO [main] org.apache.catalina.startup.VersionLoggerListener.log CATALINA_HOME:         C:\Users\Omkumar Tyagi\Downloads\apache-tomcat-9.0.96-windows-x64\apache-tomcat-9.0.96
13-Nov-2024 13:46:36.942 INFO [main] org.apache.catalina.startup.VersionLoggerListener.log Command line argument: --add-opens=java.base/java.lang=ALL-UNNAMED
13-Nov-2024 13:46:36.943 INFO [main] org.apache.catalina.startup.VersionLoggerListener.log Command line argument: --add-opens=java.base/java.io=ALL-UNNAMED
13-Nov-2024 13:46:36.943 INFO [main] org.apache.catalina.startup.VersionLoggerListener.log Command line argument: --add-opens=java.base/java.util=ALL-UNNAMED
13-Nov-2024 13:46:36.943 INFO [main] org.apache.catalina.startup.VersionLoggerListener.log Command line argument: --add-opens=java.base/java.util.concurrent=ALL-UNNAMED
13-Nov-2024 13:46:36.943 INFO [main] org.apache.catalina.startup.VersionLoggerListener.log Command line argument: --add-opens=java.rmi/sun.rmi.transport=ALL-UNNAMED
13-Nov-2024 13:46:36.943 INFO [main] org.apache.catalina.startup.VersionLoggerListener.log Command line argument: -Dcatalina.home=C:\Users\Omkumar Tyagi\Downloads\apache-tomcat-9.0.96-windows-x64\apache-tomcat-9.0.96
13-Nov-2024 13:46:36.943 INFO [main] org.apache.catalina.startup.VersionLoggerListener.log Command line argument: -Dcatalina.base=C:\Desktop\yt\servlet_and_jsp\JSP\FirstPage-00
13-Nov-2024 13:46:36.943 INFO [main] org.apache.catalina.startup.VersionLoggerListener.log Command line argument: -Djava.io.tmpdir=C:\Desktop\yt\servlet_and_jsp\JSP\FirstPage-00\temp
13-Nov-2024 13:46:36.943 INFO [main] org.apache.catalina.startup.VersionLoggerListener.log Command line argument: -Djava.util.logging.config.file=C:\Desktop\yt\servlet_and_jsp\JSP\FirstPage-00\conf\logging.properties
13-Nov-2024 13:46:36.943 INFO [main] org.apache.catalina.startup.VersionLoggerListener.log Command line argument: -Djava.util.logging.manager=org.apache.juli.ClassLoaderLogManager
13-Nov-2024 13:46:36.943 INFO [main] org.apache.catalina.startup.VersionLoggerListener.log Command line argument: -javaagent:C:\Program Files\JetBrains\IntelliJ IDEA Community Edition 2022.2.3\lib\idea_rt.jar=56247:C:\Program Files\JetBrains\IntelliJ IDEA Community Edition 2022.2.3\bin
13-Nov-2024 13:46:36.943 INFO [main] org.apache.catalina.startup.VersionLoggerListener.log Command line argument: -Dfile.encoding=UTF-8
13-Nov-2024 13:46:36.953 INFO [main] org.apache.catalina.core.AprLifecycleListener.lifecycleEvent Loaded Apache Tomcat Native library [1.3.1] using APR version [1.7.4].
13-Nov-2024 13:46:36.953 INFO [main] org.apache.catalina.core.AprLifecycleListener.lifecycleEvent APR capabilities: IPv6 [true], sendfile [true], accept filters [false], random [true], UDS [true].
13-Nov-2024 13:46:36.953 INFO [main] org.apache.catalina.core.AprLifecycleListener.lifecycleEvent APR/OpenSSL configuration: useAprConnector [false], useOpenSSL [true]
13-Nov-2024 13:46:36.979 INFO [main] org.apache.catalina.core.AprLifecycleListener.initializeSSL OpenSSL successfully initialized [OpenSSL 3.0.14 4 Jun 2024]
13-Nov-2024 13:46:37.545 INFO [main] org.apache.coyote.AbstractProtocol.init Initializing ProtocolHandler ["http-nio-8080"]
13-Nov-2024 13:46:37.579 INFO [main] org.apache.catalina.startup.Catalina.load Server initialization in [944] milliseconds
13-Nov-2024 13:46:37.634 INFO [main] org.apache.catalina.core.StandardService.startInternal Starting service [Catalina]
13-Nov-2024 13:46:37.634 INFO [main] org.apache.catalina.core.StandardEngine.startInternal Starting Servlet engine: [Apache Tomcat/9.0.96]
13-Nov-2024 13:46:37.644 INFO [main] org.apache.catalina.startup.HostConfig.deployDescriptor Deploying deployment descriptor [C:\Desktop\yt\servlet_and_jsp\JSP\FirstPage-00\conf\Catalina\localhost\FirstPage-00.xml]
13-Nov-2024 13:46:38.705 INFO [main] org.apache.jasper.servlet.TldScanner.scanJars At least one JAR was scanned for TLDs yet contained no TLDs. Enable debug logging for this logger for a complete list of JARs that were scanned but no TLDs were found in them. Skipping unneeded JARs during scanning can improve startup time and JSP compilation time.
13-Nov-2024 13:46:38.870 INFO [main] org.apache.catalina.startup.HostConfig.deployDescriptor Deployment of deployment descriptor [C:\Desktop\yt\servlet_and_jsp\JSP\FirstPage-00\conf\Catalina\localhost\FirstPage-00.xml] has finished in [1,226] ms
13-Nov-2024 13:46:38.875 INFO [main] org.apache.coyote.AbstractProtocol.start Starting ProtocolHandler ["http-nio-8080"]
13-Nov-2024 13:46:38.921 INFO [main] org.apache.catalina.startup.Catalina.start Server startup in [1342] milliseconds
13-Nov-2024 15:06:33.379 INFO [Thread-1] org.apache.coyote.AbstractProtocol.pause Pausing ProtocolHandler ["http-nio-8080"]
13-Nov-2024 15:06:33.424 INFO [Thread-1] org.apache.catalina.core.StandardService.stopInternal Stopping service [Catalina]
13-Nov-2024 15:06:33.435 INFO [Thread-1] org.apache.coyote.AbstractProtocol.stop Stopping ProtocolHandler ["http-nio-8080"]
13-Nov-2024 15:06:33.455 INFO [Thread-1] org.apache.coyote.AbstractProtocol.destroy Destroying ProtocolHandler ["http-nio-8080"]
13-Nov-2024 15:06:40.207 INFO [main] org.apache.catalina.startup.VersionLoggerListener.log Server version name:   Apache Tomcat/9.0.96
13-Nov-2024 15:06:40.212 INFO [main] org.apache.catalina.startup.VersionLoggerListener.log Server built:          Oct 3 2024 19:44:30 UTC
13-Nov-2024 15:06:40.213 INFO [main] org.apache.catalina.startup.VersionLoggerListener.log Server version number: 9.0.96.0
13-Nov-2024 15:06:40.213 INFO [main] org.apache.catalina.startup.VersionLoggerListener.log OS Name:               Windows 11
13-Nov-2024 15:06:40.213 INFO [main] org.apache.catalina.startup.VersionLoggerListener.log OS Version:            10.0
13-Nov-2024 15:06:40.213 INFO [main] org.apache.catalina.startup.VersionLoggerListener.log Architecture:          amd64
13-Nov-2024 15:06:40.213 INFO [main] org.apache.catalina.startup.VersionLoggerListener.log Java Home:             C:\Program Files\Amazon Corretto\jdk17.0.5_8
13-Nov-2024 15:06:40.213 INFO [main] org.apache.catalina.startup.VersionLoggerListener.log JVM Version:           17.0.5+8-LTS
13-Nov-2024 15:06:40.213 INFO [main] org.apache.catalina.startup.VersionLoggerListener.log JVM Vendor:            Amazon.com Inc.
13-Nov-2024 15:06:40.213 INFO [main] org.apache.catalina.startup.VersionLoggerListener.log CATALINA_BASE:         C:\Desktop\yt\servlet_and_jsp\JSP\FirstPage-00
13-Nov-2024 15:06:40.213 INFO [main] org.apache.catalina.startup.VersionLoggerListener.log CATALINA_HOME:         C:\Users\Omkumar Tyagi\Downloads\apache-tomcat-9.0.96-windows-x64\apache-tomcat-9.0.96
13-Nov-2024 15:06:40.224 INFO [main] org.apache.catalina.startup.VersionLoggerListener.log Command line argument: --add-opens=java.base/java.lang=ALL-UNNAMED
13-Nov-2024 15:06:40.224 INFO [main] org.apache.catalina.startup.VersionLoggerListener.log Command line argument: --add-opens=java.base/java.io=ALL-UNNAMED
13-Nov-2024 15:06:40.225 INFO [main] org.apache.catalina.startup.VersionLoggerListener.log Command line argument: --add-opens=java.base/java.util=ALL-UNNAMED
13-Nov-2024 15:06:40.225 INFO [main] org.apache.catalina.startup.VersionLoggerListener.log Command line argument: --add-opens=java.base/java.util.concurrent=ALL-UNNAMED
13-Nov-2024 15:06:40.225 INFO [main] org.apache.catalina.startup.VersionLoggerListener.log Command line argument: --add-opens=java.rmi/sun.rmi.transport=ALL-UNNAMED
13-Nov-2024 15:06:40.225 INFO [main] org.apache.catalina.startup.VersionLoggerListener.log Command line argument: -Dcatalina.home=C:\Users\Omkumar Tyagi\Downloads\apache-tomcat-9.0.96-windows-x64\apache-tomcat-9.0.96
13-Nov-2024 15:06:40.225 INFO [main] org.apache.catalina.startup.VersionLoggerListener.log Command line argument: -Dcatalina.base=C:\Desktop\yt\servlet_and_jsp\JSP\FirstPage-00
13-Nov-2024 15:06:40.225 INFO [main] org.apache.catalina.startup.VersionLoggerListener.log Command line argument: -Djava.io.tmpdir=C:\Desktop\yt\servlet_and_jsp\JSP\FirstPage-00\temp
13-Nov-2024 15:06:40.226 INFO [main] org.apache.catalina.startup.VersionLoggerListener.log Command line argument: -Djava.util.logging.config.file=C:\Desktop\yt\servlet_and_jsp\JSP\FirstPage-00\conf\logging.properties
13-Nov-2024 15:06:40.226 INFO [main] org.apache.catalina.startup.VersionLoggerListener.log Command line argument: -Djava.util.logging.manager=org.apache.juli.ClassLoaderLogManager
13-Nov-2024 15:06:40.226 INFO [main] org.apache.catalina.startup.VersionLoggerListener.log Command line argument: -javaagent:C:\Program Files\JetBrains\IntelliJ IDEA Community Edition 2022.2.3\lib\idea_rt.jar=59495:C:\Program Files\JetBrains\IntelliJ IDEA Community Edition 2022.2.3\bin
13-Nov-2024 15:06:40.226 INFO [main] org.apache.catalina.startup.VersionLoggerListener.log Command line argument: -Dfile.encoding=UTF-8
13-Nov-2024 15:06:40.231 INFO [main] org.apache.catalina.core.AprLifecycleListener.lifecycleEvent Loaded Apache Tomcat Native library [1.3.1] using APR version [1.7.4].
13-Nov-2024 15:06:40.231 INFO [main] org.apache.catalina.core.AprLifecycleListener.lifecycleEvent APR capabilities: IPv6 [true], sendfile [true], accept filters [false], random [true], UDS [true].
13-Nov-2024 15:06:40.231 INFO [main] org.apache.catalina.core.AprLifecycleListener.lifecycleEvent APR/OpenSSL configuration: useAprConnector [false], useOpenSSL [true]
13-Nov-2024 15:06:40.239 INFO [main] org.apache.catalina.core.AprLifecycleListener.initializeSSL OpenSSL successfully initialized [OpenSSL 3.0.14 4 Jun 2024]
13-Nov-2024 15:06:40.624 INFO [main] org.apache.coyote.AbstractProtocol.init Initializing ProtocolHandler ["http-nio-8080"]
13-Nov-2024 15:06:40.654 INFO [main] org.apache.catalina.startup.Catalina.load Server initialization in [700] milliseconds
13-Nov-2024 15:06:40.704 INFO [main] org.apache.catalina.core.StandardService.startInternal Starting service [Catalina]
13-Nov-2024 15:06:40.704 INFO [main] org.apache.catalina.core.StandardEngine.startInternal Starting Servlet engine: [Apache Tomcat/9.0.96]
13-Nov-2024 15:06:40.712 INFO [main] org.apache.catalina.startup.HostConfig.deployDescriptor Deploying deployment descriptor [C:\Desktop\yt\servlet_and_jsp\JSP\FirstPage-00\conf\Catalina\localhost\FirstPage-00.xml]
13-Nov-2024 15:06:41.552 INFO [main] org.apache.jasper.servlet.TldScanner.scanJars At least one JAR was scanned for TLDs yet contained no TLDs. Enable debug logging for this logger for a complete list of JARs that were scanned but no TLDs were found in them. Skipping unneeded JARs during scanning can improve startup time and JSP compilation time.
13-Nov-2024 15:06:41.690 INFO [main] org.apache.catalina.startup.HostConfig.deployDescriptor Deployment of deployment descriptor [C:\Desktop\yt\servlet_and_jsp\JSP\FirstPage-00\conf\Catalina\localhost\FirstPage-00.xml] has finished in [977] ms
13-Nov-2024 15:06:41.694 INFO [main] org.apache.coyote.AbstractProtocol.start Starting ProtocolHandler ["http-nio-8080"]
13-Nov-2024 15:06:41.738 INFO [main] org.apache.catalina.startup.Catalina.start Server startup in [1082] milliseconds
13-Nov-2024 15:12:05.890 INFO [Thread-1] org.apache.coyote.AbstractProtocol.pause Pausing ProtocolHandler ["http-nio-8080"]
13-Nov-2024 15:12:05.937 INFO [Thread-1] org.apache.catalina.core.StandardService.stopInternal Stopping service [Catalina]
13-Nov-2024 15:12:05.953 INFO [Thread-1] org.apache.coyote.AbstractProtocol.stop Stopping ProtocolHandler ["http-nio-8080"]
13-Nov-2024 15:12:05.970 INFO [Thread-1] org.apache.coyote.AbstractProtocol.destroy Destroying ProtocolHandler ["http-nio-8080"]
13-Nov-2024 15:12:09.426 INFO [main] org.apache.catalina.startup.VersionLoggerListener.log Server version name:   Apache Tomcat/9.0.96
13-Nov-2024 15:12:09.429 INFO [main] org.apache.catalina.startup.VersionLoggerListener.log Server built:          Oct 3 2024 19:44:30 UTC
13-Nov-2024 15:12:09.429 INFO [main] org.apache.catalina.startup.VersionLoggerListener.log Server version number: 9.0.96.0
13-Nov-2024 15:12:09.429 INFO [main] org.apache.catalina.startup.VersionLoggerListener.log OS Name:               Windows 11
13-Nov-2024 15:12:09.430 INFO [main] org.apache.catalina.startup.VersionLoggerListener.log OS Version:            10.0
13-Nov-2024 15:12:09.430 INFO [main] org.apache.catalina.startup.VersionLoggerListener.log Architecture:          amd64
13-Nov-2024 15:12:09.430 INFO [main] org.apache.catalina.startup.VersionLoggerListener.log Java Home:             C:\Program Files\Amazon Corretto\jdk17.0.5_8
13-Nov-2024 15:12:09.430 INFO [main] org.apache.catalina.startup.VersionLoggerListener.log JVM Version:           17.0.5+8-LTS
13-Nov-2024 15:12:09.430 INFO [main] org.apache.catalina.startup.VersionLoggerListener.log JVM Vendor:            Amazon.com Inc.
13-Nov-2024 15:12:09.430 INFO [main] org.apache.catalina.startup.VersionLoggerListener.log CATALINA_BASE:         C:\Desktop\yt\servlet_and_jsp\JSP\FirstPage-00
13-Nov-2024 15:12:09.430 INFO [main] org.apache.catalina.startup.VersionLoggerListener.log CATALINA_HOME:         C:\Users\Omkumar Tyagi\Downloads\apache-tomcat-9.0.96-windows-x64\apache-tomcat-9.0.96
13-Nov-2024 15:12:09.442 INFO [main] org.apache.catalina.startup.VersionLoggerListener.log Command line argument: --add-opens=java.base/java.lang=ALL-UNNAMED
13-Nov-2024 15:12:09.442 INFO [main] org.apache.catalina.startup.VersionLoggerListener.log Command line argument: --add-opens=java.base/java.io=ALL-UNNAMED
13-Nov-2024 15:12:09.442 INFO [main] org.apache.catalina.startup.VersionLoggerListener.log Command line argument: --add-opens=java.base/java.util=ALL-UNNAMED
13-Nov-2024 15:12:09.442 INFO [main] org.apache.catalina.startup.VersionLoggerListener.log Command line argument: --add-opens=java.base/java.util.concurrent=ALL-UNNAMED
13-Nov-2024 15:12:09.442 INFO [main] org.apache.catalina.startup.VersionLoggerListener.log Command line argument: --add-opens=java.rmi/sun.rmi.transport=ALL-UNNAMED
13-Nov-2024 15:12:09.442 INFO [main] org.apache.catalina.startup.VersionLoggerListener.log Command line argument: -Dcatalina.home=C:\Users\Omkumar Tyagi\Downloads\apache-tomcat-9.0.96-windows-x64\apache-tomcat-9.0.96
13-Nov-2024 15:12:09.444 INFO [main] org.apache.catalina.startup.VersionLoggerListener.log Command line argument: -Dcatalina.base=C:\Desktop\yt\servlet_and_jsp\JSP\FirstPage-00
13-Nov-2024 15:12:09.444 INFO [main] org.apache.catalina.startup.VersionLoggerListener.log Command line argument: -Djava.io.tmpdir=C:\Desktop\yt\servlet_and_jsp\JSP\FirstPage-00\temp
13-Nov-2024 15:12:09.444 INFO [main] org.apache.catalina.startup.VersionLoggerListener.log Command line argument: -Djava.util.logging.config.file=C:\Desktop\yt\servlet_and_jsp\JSP\FirstPage-00\conf\logging.properties
13-Nov-2024 15:12:09.444 INFO [main] org.apache.catalina.startup.VersionLoggerListener.log Command line argument: -Djava.util.logging.manager=org.apache.juli.ClassLoaderLogManager
13-Nov-2024 15:12:09.444 INFO [main] org.apache.catalina.startup.VersionLoggerListener.log Command line argument: -javaagent:C:\Program Files\JetBrains\IntelliJ IDEA Community Edition 2022.2.3\lib\idea_rt.jar=62208:C:\Program Files\JetBrains\IntelliJ IDEA Community Edition 2022.2.3\bin
13-Nov-2024 15:12:09.444 INFO [main] org.apache.catalina.startup.VersionLoggerListener.log Command line argument: -Dfile.encoding=UTF-8
13-Nov-2024 15:12:09.453 INFO [main] org.apache.catalina.core.AprLifecycleListener.lifecycleEvent Loaded Apache Tomcat Native library [1.3.1] using APR version [1.7.4].
13-Nov-2024 15:12:09.453 INFO [main] org.apache.catalina.core.AprLifecycleListener.lifecycleEvent APR capabilities: IPv6 [true], sendfile [true], accept filters [false], random [true], UDS [true].
13-Nov-2024 15:12:09.453 INFO [main] org.apache.catalina.core.AprLifecycleListener.lifecycleEvent APR/OpenSSL configuration: useAprConnector [false], useOpenSSL [true]
13-Nov-2024 15:12:09.461 INFO [main] org.apache.catalina.core.AprLifecycleListener.initializeSSL OpenSSL successfully initialized [OpenSSL 3.0.14 4 Jun 2024]
13-Nov-2024 15:12:09.937 INFO [main] org.apache.coyote.AbstractProtocol.init Initializing ProtocolHandler ["http-nio-8080"]
13-Nov-2024 15:12:09.964 INFO [main] org.apache.catalina.startup.Catalina.load Server initialization in [803] milliseconds
13-Nov-2024 15:12:10.011 INFO [main] org.apache.catalina.core.StandardService.startInternal Starting service [Catalina]
13-Nov-2024 15:12:10.011 INFO [main] org.apache.catalina.core.StandardEngine.startInternal Starting Servlet engine: [Apache Tomcat/9.0.96]
13-Nov-2024 15:12:10.020 INFO [main] org.apache.catalina.startup.HostConfig.deployDescriptor Deploying deployment descriptor [C:\Desktop\yt\servlet_and_jsp\JSP\FirstPage-00\conf\Catalina\localhost\FirstPage-00.xml]
13-Nov-2024 15:12:10.956 INFO [main] org.apache.jasper.servlet.TldScanner.scanJars At least one JAR was scanned for TLDs yet contained no TLDs. Enable debug logging for this logger for a complete list of JARs that were scanned but no TLDs were found in them. Skipping unneeded JARs during scanning can improve startup time and JSP compilation time.
13-Nov-2024 15:12:11.094 INFO [main] org.apache.catalina.startup.HostConfig.deployDescriptor Deployment of deployment descriptor [C:\Desktop\yt\servlet_and_jsp\JSP\FirstPage-00\conf\Catalina\localhost\FirstPage-00.xml] has finished in [1,074] ms
13-Nov-2024 15:12:11.098 INFO [main] org.apache.coyote.AbstractProtocol.start Starting ProtocolHandler ["http-nio-8080"]
13-Nov-2024 15:12:11.146 INFO [main] org.apache.catalina.startup.Catalina.start Server startup in [1181] milliseconds
13-Nov-2024 15:20:01.398 INFO [Thread-1] org.apache.coyote.AbstractProtocol.pause Pausing ProtocolHandler ["http-nio-8080"]
13-Nov-2024 15:20:01.514 INFO [Thread-1] org.apache.catalina.core.StandardService.stopInternal Stopping service [Catalina]
13-Nov-2024 15:20:01.538 INFO [Thread-1] org.apache.coyote.AbstractProtocol.stop Stopping ProtocolHandler ["http-nio-8080"]
13-Nov-2024 15:20:01.552 INFO [Thread-1] org.apache.coyote.AbstractProtocol.destroy Destroying ProtocolHandler ["http-nio-8080"]
13-Nov-2024 15:20:08.400 INFO [main] org.apache.catalina.startup.VersionLoggerListener.log Server version name:   Apache Tomcat/9.0.96
13-Nov-2024 15:20:08.418 INFO [main] org.apache.catalina.startup.VersionLoggerListener.log Server built:          Oct 3 2024 19:44:30 UTC
13-Nov-2024 15:20:08.418 INFO [main] org.apache.catalina.startup.VersionLoggerListener.log Server version number: 9.0.96.0
13-Nov-2024 15:20:08.418 INFO [main] org.apache.catalina.startup.VersionLoggerListener.log OS Name:               Windows 11
13-Nov-2024 15:20:08.418 INFO [main] org.apache.catalina.startup.VersionLoggerListener.log OS Version:            10.0
13-Nov-2024 15:20:08.419 INFO [main] org.apache.catalina.startup.VersionLoggerListener.log Architecture:          amd64
13-Nov-2024 15:20:08.419 INFO [main] org.apache.catalina.startup.VersionLoggerListener.log Java Home:             C:\Program Files\Amazon Corretto\jdk17.0.5_8
13-Nov-2024 15:20:08.419 INFO [main] org.apache.catalina.startup.VersionLoggerListener.log JVM Version:           17.0.5+8-LTS
13-Nov-2024 15:20:08.419 INFO [main] org.apache.catalina.startup.VersionLoggerListener.log JVM Vendor:            Amazon.com Inc.
13-Nov-2024 15:20:08.419 INFO [main] org.apache.catalina.startup.VersionLoggerListener.log CATALINA_BASE:         C:\Desktop\yt\servlet_and_jsp\JSP\FirstPage-00
13-Nov-2024 15:20:08.419 INFO [main] org.apache.catalina.startup.VersionLoggerListener.log CATALINA_HOME:         C:\Users\Omkumar Tyagi\Downloads\apache-tomcat-9.0.96-windows-x64\apache-tomcat-9.0.96
13-Nov-2024 15:20:08.437 INFO [main] org.apache.catalina.startup.VersionLoggerListener.log Command line argument: --add-opens=java.base/java.lang=ALL-UNNAMED
13-Nov-2024 15:20:08.437 INFO [main] org.apache.catalina.startup.VersionLoggerListener.log Command line argument: --add-opens=java.base/java.io=ALL-UNNAMED
13-Nov-2024 15:20:08.438 INFO [main] org.apache.catalina.startup.VersionLoggerListener.log Command line argument: --add-opens=java.base/java.util=ALL-UNNAMED
13-Nov-2024 15:20:08.438 INFO [main] org.apache.catalina.startup.VersionLoggerListener.log Command line argument: --add-opens=java.base/java.util.concurrent=ALL-UNNAMED
13-Nov-2024 15:20:08.439 INFO [main] org.apache.catalina.startup.VersionLoggerListener.log Command line argument: --add-opens=java.rmi/sun.rmi.transport=ALL-UNNAMED
13-Nov-2024 15:20:08.439 INFO [main] org.apache.catalina.startup.VersionLoggerListener.log Command line argument: -Dcatalina.home=C:\Users\Omkumar Tyagi\Downloads\apache-tomcat-9.0.96-windows-x64\apache-tomcat-9.0.96
13-Nov-2024 15:20:08.439 INFO [main] org.apache.catalina.startup.VersionLoggerListener.log Command line argument: -Dcatalina.base=C:\Desktop\yt\servlet_and_jsp\JSP\FirstPage-00
13-Nov-2024 15:20:08.439 INFO [main] org.apache.catalina.startup.VersionLoggerListener.log Command line argument: -Djava.io.tmpdir=C:\Desktop\yt\servlet_and_jsp\JSP\FirstPage-00\temp
13-Nov-2024 15:20:08.439 INFO [main] org.apache.catalina.startup.VersionLoggerListener.log Command line argument: -Djava.util.logging.config.file=C:\Desktop\yt\servlet_and_jsp\JSP\FirstPage-00\conf\logging.properties
13-Nov-2024 15:20:08.439 INFO [main] org.apache.catalina.startup.VersionLoggerListener.log Command line argument: -Djava.util.logging.manager=org.apache.juli.ClassLoaderLogManager
13-Nov-2024 15:20:08.439 INFO [main] org.apache.catalina.startup.VersionLoggerListener.log Command line argument: -javaagent:C:\Program Files\JetBrains\IntelliJ IDEA Community Edition 2022.2.3\lib\idea_rt.jar=50720:C:\Program Files\JetBrains\IntelliJ IDEA Community Edition 2022.2.3\bin
13-Nov-2024 15:20:08.439 INFO [main] org.apache.catalina.startup.VersionLoggerListener.log Command line argument: -Dfile.encoding=UTF-8
13-Nov-2024 15:20:08.444 INFO [main] org.apache.catalina.core.AprLifecycleListener.lifecycleEvent Loaded Apache Tomcat Native library [1.3.1] using APR version [1.7.4].
13-Nov-2024 15:20:08.444 INFO [main] org.apache.catalina.core.AprLifecycleListener.lifecycleEvent APR capabilities: IPv6 [true], sendfile [true], accept filters [false], random [true], UDS [true].
13-Nov-2024 15:20:08.444 INFO [main] org.apache.catalina.core.AprLifecycleListener.lifecycleEvent APR/OpenSSL configuration: useAprConnector [false], useOpenSSL [true]
13-Nov-2024 15:20:08.451 INFO [main] org.apache.catalina.core.AprLifecycleListener.initializeSSL OpenSSL successfully initialized [OpenSSL 3.0.14 4 Jun 2024]
13-Nov-2024 15:20:08.995 INFO [main] org.apache.coyote.AbstractProtocol.init Initializing ProtocolHandler ["http-nio-8080"]
13-Nov-2024 15:20:09.085 INFO [main] org.apache.catalina.startup.Catalina.load Server initialization in [885] milliseconds
13-Nov-2024 15:20:09.148 INFO [main] org.apache.catalina.core.StandardService.startInternal Starting service [Catalina]
13-Nov-2024 15:20:09.148 INFO [main] org.apache.catalina.core.StandardEngine.startInternal Starting Servlet engine: [Apache Tomcat/9.0.96]
13-Nov-2024 15:20:09.164 INFO [main] org.apache.catalina.startup.HostConfig.deployDescriptor Deploying deployment descriptor [C:\Desktop\yt\servlet_and_jsp\JSP\FirstPage-00\conf\Catalina\localhost\FirstPage-00.xml]
13-Nov-2024 15:20:09.997 INFO [main] org.apache.jasper.servlet.TldScanner.scanJars At least one JAR was scanned for TLDs yet contained no TLDs. Enable debug logging for this logger for a complete list of JARs that were scanned but no TLDs were found in them. Skipping unneeded JARs during scanning can improve startup time and JSP compilation time.
13-Nov-2024 15:20:10.122 INFO [main] org.apache.catalina.startup.HostConfig.deployDescriptor Deployment of deployment descriptor [C:\Desktop\yt\servlet_and_jsp\JSP\FirstPage-00\conf\Catalina\localhost\FirstPage-00.xml] has finished in [958] ms
13-Nov-2024 15:20:10.125 INFO [main] org.apache.coyote.AbstractProtocol.start Starting ProtocolHandler ["http-nio-8080"]
13-Nov-2024 15:20:10.159 INFO [main] org.apache.catalina.startup.Catalina.start Server startup in [1074] milliseconds
13-Nov-2024 15:22:40.308 INFO [Catalina-utility-1] org.apache.catalina.startup.HostConfig.reload Reloading context [/FirstPage-00]
13-Nov-2024 15:22:40.309 INFO [Catalina-utility-1] org.apache.catalina.core.StandardContext.reload Reloading Context with name [/FirstPage-00] has started
13-Nov-2024 15:22:41.502 WARNING [Catalina-utility-1] org.apache.jasper.servlet.TldScanner.scanJspConfig Failed to process TLD with path [/META-INF/mylib.tld] and URI [http://example.com/mylib]. The specified path does not exist.
13-Nov-2024 15:22:41.815 INFO [Catalina-utility-1] org.apache.jasper.servlet.TldScanner.scanJars At least one JAR was scanned for TLDs yet contained no TLDs. Enable debug logging for this logger for a complete list of JARs that were scanned but no TLDs were found in them. Skipping unneeded JARs during scanning can improve startup time and JSP compilation time.
13-Nov-2024 15:22:41.967 INFO [Catalina-utility-1] org.apache.catalina.core.StandardContext.reload Reloading Context with name [/FirstPage-00] is completed
13-Nov-2024 15:25:12.123 INFO [Catalina-utility-2] org.apache.catalina.startup.HostConfig.reload Reloading context [/FirstPage-00]
13-Nov-2024 15:25:12.123 INFO [Catalina-utility-2] org.apache.catalina.core.StandardContext.reload Reloading Context with name [/FirstPage-00] has started
13-Nov-2024 15:25:12.519 INFO [Catalina-utility-2] org.apache.jasper.servlet.TldScanner.scanJars At least one JAR was scanned for TLDs yet contained no TLDs. Enable debug logging for this logger for a complete list of JARs that were scanned but no TLDs were found in them. Skipping unneeded JARs during scanning can improve startup time and JSP compilation time.
13-Nov-2024 15:25:12.581 INFO [Catalina-utility-2] org.apache.catalina.core.StandardContext.reload Reloading Context with name [/FirstPage-00] is completed
13-Nov-2024 15:25:27.743 INFO [Thread-1] org.apache.coyote.AbstractProtocol.pause Pausing ProtocolHandler ["http-nio-8080"]
13-Nov-2024 15:25:27.859 INFO [Thread-1] org.apache.catalina.core.StandardService.stopInternal Stopping service [Catalina]
13-Nov-2024 15:25:27.874 INFO [Thread-1] org.apache.coyote.AbstractProtocol.stop Stopping ProtocolHandler ["http-nio-8080"]
13-Nov-2024 15:25:27.890 INFO [Thread-1] org.apache.coyote.AbstractProtocol.destroy Destroying ProtocolHandler ["http-nio-8080"]
