14-Nov-2024 21:43:45.555 INFO [main] org.apache.catalina.startup.VersionLoggerListener.log Server version name:   Apache Tomcat/9.0.96
14-Nov-2024 21:43:45.563 INFO [main] org.apache.catalina.startup.VersionLoggerListener.log Server built:          Oct 3 2024 19:44:30 UTC
14-Nov-2024 21:43:45.564 INFO [main] org.apache.catalina.startup.VersionLoggerListener.log Server version number: 9.0.96.0
14-Nov-2024 21:43:45.564 INFO [main] org.apache.catalina.startup.VersionLoggerListener.log OS Name:               Windows 11
14-Nov-2024 21:43:45.564 INFO [main] org.apache.catalina.startup.VersionLoggerListener.log OS Version:            10.0
14-Nov-2024 21:43:45.564 INFO [main] org.apache.catalina.startup.VersionLoggerListener.log Architecture:          amd64
14-Nov-2024 21:43:45.564 INFO [main] org.apache.catalina.startup.VersionLoggerListener.log Java Home:             C:\Program Files\Amazon Corretto\jdk17.0.5_8
14-Nov-2024 21:43:45.564 INFO [main] org.apache.catalina.startup.VersionLoggerListener.log JVM Version:           17.0.5+8-LTS
14-Nov-2024 21:43:45.565 INFO [main] org.apache.catalina.startup.VersionLoggerListener.log JVM Vendor:            Amazon.com Inc.
14-Nov-2024 21:43:45.565 INFO [main] org.apache.catalina.startup.VersionLoggerListener.log CATALINA_BASE:         C:\Desktop\yt\servlet_and_jsp\JSP\Redirection-01\src\main\webapp
14-Nov-2024 21:43:45.565 INFO [main] org.apache.catalina.startup.VersionLoggerListener.log CATALINA_HOME:         C:\Users\Omkumar Tyagi\Downloads\apache-tomcat-9.0.96-windows-x64\apache-tomcat-9.0.96
14-Nov-2024 21:43:45.582 INFO [main] org.apache.catalina.startup.VersionLoggerListener.log Command line argument: --add-opens=java.base/java.lang=ALL-UNNAMED
14-Nov-2024 21:43:45.582 INFO [main] org.apache.catalina.startup.VersionLoggerListener.log Command line argument: --add-opens=java.base/java.io=ALL-UNNAMED
14-Nov-2024 21:43:45.583 INFO [main] org.apache.catalina.startup.VersionLoggerListener.log Command line argument: --add-opens=java.base/java.util=ALL-UNNAMED
14-Nov-2024 21:43:45.583 INFO [main] org.apache.catalina.startup.VersionLoggerListener.log Command line argument: --add-opens=java.base/java.util.concurrent=ALL-UNNAMED
14-Nov-2024 21:43:45.583 INFO [main] org.apache.catalina.startup.VersionLoggerListener.log Command line argument: --add-opens=java.rmi/sun.rmi.transport=ALL-UNNAMED
14-Nov-2024 21:43:45.583 INFO [main] org.apache.catalina.startup.VersionLoggerListener.log Command line argument: -Dcatalina.home=C:\Users\Omkumar Tyagi\Downloads\apache-tomcat-9.0.96-windows-x64\apache-tomcat-9.0.96
14-Nov-2024 21:43:45.583 INFO [main] org.apache.catalina.startup.VersionLoggerListener.log Command line argument: -Dcatalina.base=C:\Desktop\yt\servlet_and_jsp\JSP\Redirection-01\src\main\webapp
14-Nov-2024 21:43:45.583 INFO [main] org.apache.catalina.startup.VersionLoggerListener.log Command line argument: -Djava.io.tmpdir=C:\Desktop\yt\servlet_and_jsp\JSP\Redirection-01\src\main\webapp\temp
14-Nov-2024 21:43:45.583 INFO [main] org.apache.catalina.startup.VersionLoggerListener.log Command line argument: -Djava.util.logging.config.file=C:\Desktop\yt\servlet_and_jsp\JSP\Redirection-01\src\main\webapp\conf\logging.properties
14-Nov-2024 21:43:45.583 INFO [main] org.apache.catalina.startup.VersionLoggerListener.log Command line argument: -Djava.util.logging.manager=org.apache.juli.ClassLoaderLogManager
14-Nov-2024 21:43:45.584 INFO [main] org.apache.catalina.startup.VersionLoggerListener.log Command line argument: -javaagent:C:\Program Files\JetBrains\IntelliJ IDEA Community Edition 2022.2.3\lib\idea_rt.jar=50972:C:\Program Files\JetBrains\IntelliJ IDEA Community Edition 2022.2.3\bin
14-Nov-2024 21:43:45.584 INFO [main] org.apache.catalina.startup.VersionLoggerListener.log Command line argument: -Dfile.encoding=UTF-8
14-Nov-2024 21:43:45.596 INFO [main] org.apache.catalina.core.AprLifecycleListener.lifecycleEvent Loaded Apache Tomcat Native library [1.3.1] using APR version [1.7.4].
14-Nov-2024 21:43:45.596 INFO [main] org.apache.catalina.core.AprLifecycleListener.lifecycleEvent APR capabilities: IPv6 [true], sendfile [true], accept filters [false], random [true], UDS [true].
14-Nov-2024 21:43:45.596 INFO [main] org.apache.catalina.core.AprLifecycleListener.lifecycleEvent APR/OpenSSL configuration: useAprConnector [false], useOpenSSL [true]
14-Nov-2024 21:43:45.620 INFO [main] org.apache.catalina.core.AprLifecycleListener.initializeSSL OpenSSL successfully initialized [OpenSSL 3.0.14 4 Jun 2024]
14-Nov-2024 21:43:47.014 INFO [main] org.apache.coyote.AbstractProtocol.init Initializing ProtocolHandler ["http-nio-8080"]
14-Nov-2024 21:43:47.051 INFO [main] org.apache.catalina.startup.Catalina.load Server initialization in [1813] milliseconds
14-Nov-2024 21:43:47.116 INFO [main] org.apache.catalina.core.StandardService.startInternal Starting service [Catalina]
14-Nov-2024 21:43:47.116 INFO [main] org.apache.catalina.core.StandardEngine.startInternal Starting Servlet engine: [Apache Tomcat/9.0.96]
14-Nov-2024 21:43:47.143 INFO [main] org.apache.catalina.startup.HostConfig.deployDescriptor Deploying deployment descriptor [C:\Desktop\yt\servlet_and_jsp\JSP\Redirection-01\src\main\webapp\conf\Catalina\localhost\Redirection-01.xml]
14-Nov-2024 21:43:47.977 INFO [main] org.apache.catalina.startup.HostConfig.deployDescriptor Deployment of deployment descriptor [C:\Desktop\yt\servlet_and_jsp\JSP\Redirection-01\src\main\webapp\conf\Catalina\localhost\Redirection-01.xml] has finished in [831] ms
14-Nov-2024 21:43:47.990 INFO [main] org.apache.coyote.AbstractProtocol.start Starting ProtocolHandler ["http-nio-8080"]
14-Nov-2024 21:43:48.236 INFO [main] org.apache.catalina.startup.Catalina.start Server startup in [1184] milliseconds
14-Nov-2024 22:34:22.040 INFO [Thread-1] org.apache.coyote.AbstractProtocol.pause Pausing ProtocolHandler ["http-nio-8080"]
14-Nov-2024 22:34:22.167 INFO [Thread-1] org.apache.catalina.core.StandardService.stopInternal Stopping service [Catalina]
14-Nov-2024 22:34:22.252 INFO [Thread-1] org.apache.coyote.AbstractProtocol.stop Stopping ProtocolHandler ["http-nio-8080"]
14-Nov-2024 22:34:22.261 INFO [Thread-1] org.apache.coyote.AbstractProtocol.destroy Destroying ProtocolHandler ["http-nio-8080"]
